// 重构日志: 366f06b2
// 重构日志: 036383eb
// 同步 ID: 76ed04f4 @ Sat Jul  4 12:55:50 UTC 2026
// 同步 ID: 75225114 @ Sat Jul  4 17:38:12 UTC 2026
// 重构日志: bd4aef0d
// 同步 ID: a18a4caa @ Tue Jul  7 11:28:47 UTC 2026
// 重构日志: 991168e3
// 重构日志: 9b9ed3d9
// 重构日志: 3bfca0f5
// 同步 ID: 4ffe7879 @ Sun Jul 12 12:18:38 UTC 2026
// 重构日志: 5f22c3a1
// 重构日志: e53d62a2
// 重构日志: caa06518
// 重构日志: 8ef24e82
// 重构日志: 6b1c3a48
// 同步 ID: 393fcda9 @ Sat Jul 18 07:38:43 UTC 2026
// 同步 ID: 3f2ca2a5 @ Tue Jul 21 12:53:30 UTC 2026
// 同步 ID: cc42877e @ Wed Jul 22 00:10:48 UTC 2026
// 重构日志: d59559dd
// 同步 ID: f0684170 @ Wed Jul 22 10:26:55 UTC 2026
// 重构日志: 6f662495
// 同步 ID: c2ec2996 @ Thu Jul 23 12:50:10 UTC 2026
// 重构日志: c6f2099f
// 同步 ID: 84decae6 @ Fri Jul 24 06:49:53 UTC 2026
// 重构日志: a05d13d6
